<?xml version="1.0" encoding="UTF-8"?>
<!-- Generated by org.testng.reporters.JUnitReportReporter -->
<testsuite skipped="0" hostname="hemantta03" name="GlobalNavURL.TestClass" tests="1" failures="0" timestamp="22 Sep 2017 12:08:53 GMT" time="0.008" errors="0">
  <testcase name="myMethod" time="0.008" classname="GlobalNavURL.TestClass"/>
</testsuite> <!-- GlobalNavURL.TestClass -->
