<?xml version="1.0" encoding="UTF-8"?>
<!-- Generated by org.testng.reporters.JUnitReportReporter -->
<testsuite skipped="0" hostname="hemantta03" name="com.seleniumhq.TestCases.SeleniumTestCases" tests="1" failures="0" timestamp="31 Jan 2018 06:36:58 GMT" time="9.969" errors="0">
  <testcase name="CheckSeleniumPageContent" time="9.969" classname="com.seleniumhq.TestCases.SeleniumTestCases"/>
</testsuite> <!-- com.seleniumhq.TestCases.SeleniumTestCases -->
