<?xml version="1.0" encoding="UTF-8"?>
<!-- Generated by org.testng.reporters.JUnitReportReporter -->
<testsuite skipped="0" hostname="hemantta03" name="com.seleniumhq.TestCases.abc" tests="1" failures="0" timestamp="31 Jan 2018 06:35:59 GMT" time="0.008" errors="0">
  <testcase name="asd" time="0.008" classname="com.seleniumhq.TestCases.abc"/>
</testsuite> <!-- com.seleniumhq.TestCases.abc -->
