<?xml version="1.0" encoding="UTF-8"?>
<!-- Generated by org.testng.reporters.JUnitReportReporter -->
<testsuite skipped="0" hostname="hemantta03" name="GlobalNavURL.TestClass" tests="1" failures="0" timestamp="23 Jan 2018 10:44:31 GMT" time="0.007" errors="0">
  <testcase name="myMethod" time="0.007" classname="GlobalNavURL.TestClass"/>
</testsuite> <!-- GlobalNavURL.TestClass -->
